{"numTotalTestSuites":12,"numPassedTestSuites":12,"numFailedTestSuites":0,"numPendingTestSuites":0,"numTotalTests":37,"numPassedTests":37,"numFailedTests":0,"numPendingTests":0,"numTodoTests":0,"snapshot":{"added":0,"failure":false,"filesAdded":0,"filesRemoved":0,"filesRemovedList":[],"filesUnmatched":0,"filesUpdated":0,"matched":0,"total":0,"unchecked":0,"uncheckedKeysByFile":[],"unmatched":0,"updated":0,"didUpdate":false},"startTime":1756231399096,"success":true,"testResults":[{"assertionResults":[{"ancestorTitles":["Types"],"fullName":"Types TestStatus type has correct values","status":"passed","title":"TestStatus type has correct values","duration":1.17512499999998,"failureMessages":[],"meta":{}},{"ancestorTitles":["Types"],"fullName":"Types TestFramework type has correct values","status":"passed","title":"TestFramework type has correct values","duration":0.1839589999999589,"failureMessages":[],"meta":{}},{"ancestorTitles":["Types"],"fullName":"Types TreeNode interface has required properties","status":"passed","title":"TreeNode interface has required properties","duration":0.5940419999999449,"failureMessages":[],"meta":{}},{"ancestorTitles":["Types"],"fullName":"Types TreeNode supports all types","status":"passed","title":"TreeNode supports all types","duration":0.23879099999999198,"failureMessages":[],"meta":{}},{"ancestorTitles":["Types"],"fullName":"Types TreeNode can have optional properties","status":"passed","title":"TreeNode can have optional properties","duration":0.11462500000016007,"failureMessages":[],"meta":{}}],"startTime":1756231400357,"endTime":1756231400359.2388,"status":"passed","message":"","name":"/Users/roman/Desktop/automaspec/__tests__/lib/types.test.ts"},{"assertionResults":[{"ancestorTitles":["cn utility"],"fullName":"cn utility combines classnames","status":"passed","title":"combines classnames","duration":4.045458999999937,"failureMessages":[],"meta":{}},{"ancestorTitles":["cn utility"],"fullName":"cn utility handles conditional classes","status":"passed","title":"handles conditional classes","duration":0.2725000000000364,"failureMessages":[],"meta":{}},{"ancestorTitles":["cn utility"],"fullName":"cn utility merges tailwind classes","status":"passed","title":"merges tailwind classes","duration":1.1149159999999938,"failureMessages":[],"meta":{}},{"ancestorTitles":["cn utility"],"fullName":"cn utility handles undefined and null","status":"passed","title":"handles undefined and null","duration":0.12037499999996726,"failureMessages":[],"meta":{}},{"ancestorTitles":["cn utility"],"fullName":"cn utility handles empty input","status":"passed","title":"handles empty input","duration":0.16924999999991996,"failureMessages":[],"meta":{}},{"ancestorTitles":["cn utility"],"fullName":"cn utility handles object classes","status":"passed","title":"handles object classes","duration":0.21500000000014552,"failureMessages":[],"meta":{}}],"startTime":1756231400411,"endTime":1756231400417.215,"status":"passed","message":"","name":"/Users/roman/Desktop/automaspec/__tests__/lib/utils.test.ts"},{"assertionResults":[{"ancestorTitles":["Avatar"],"fullName":"Avatar renders avatar with image","status":"passed","title":"renders avatar with image","duration":29.004957999999988,"failureMessages":[],"meta":{}},{"ancestorTitles":["Avatar"],"fullName":"Avatar renders avatar with fallback","status":"passed","title":"renders avatar with fallback","duration":3.500415999999859,"failureMessages":[],"meta":{}},{"ancestorTitles":["Avatar"],"fullName":"Avatar renders avatar with custom className","status":"passed","title":"renders avatar with custom className","duration":2.589749999999867,"failureMessages":[],"meta":{}},{"ancestorTitles":["Avatar"],"fullName":"Avatar avatar components have correct data attributes","status":"passed","title":"avatar components have correct data attributes","duration":2.506750000000011,"failureMessages":[],"meta":{}},{"ancestorTitles":["Avatar"],"fullName":"Avatar renders avatar with only fallback","status":"passed","title":"renders avatar with only fallback","duration":1.8019580000000133,"failureMessages":[],"meta":{}},{"ancestorTitles":["Avatar"],"fullName":"Avatar avatar root has correct data attribute","status":"passed","title":"avatar root has correct data attribute","duration":1.3483329999999114,"failureMessages":[],"meta":{}},{"ancestorTitles":["Avatar"],"fullName":"Avatar avatar has correct default styling","status":"passed","title":"avatar has correct default styling","duration":1.352542000000085,"failureMessages":[],"meta":{}}],"startTime":1756231400751,"endTime":1756231400793.3525,"status":"passed","message":"","name":"/Users/roman/Desktop/automaspec/__tests__/components/ui/avatar.test.tsx"},{"assertionResults":[{"ancestorTitles":["Badge"],"fullName":"Badge renders with default props","status":"passed","title":"renders with default props","duration":22.58645800000022,"failureMessages":[],"meta":{}},{"ancestorTitles":["Badge"],"fullName":"Badge renders with different variants","status":"passed","title":"renders with different variants","duration":6.273583000000144,"failureMessages":[],"meta":{}},{"ancestorTitles":["Badge"],"fullName":"Badge renders with custom className","status":"passed","title":"renders with custom className","duration":2.5777499999999236,"failureMessages":[],"meta":{}},{"ancestorTitles":["Badge"],"fullName":"Badge has correct data attribute","status":"passed","title":"has correct data attribute","duration":2.734124999999949,"failureMessages":[],"meta":{}},{"ancestorTitles":["Badge"],"fullName":"Badge renders with asChild prop","status":"passed","title":"renders with asChild prop","duration":31.5501670000001,"failureMessages":[],"meta":{}},{"ancestorTitles":["Badge"],"fullName":"Badge renders as span by default","status":"passed","title":"renders as span by default","duration":1.3208749999998872,"failureMessages":[],"meta":{}}],"startTime":1756231400753,"endTime":1756231400820.3208,"status":"passed","message":"","name":"/Users/roman/Desktop/automaspec/__tests__/components/ui/badge.test.tsx"},{"assertionResults":[{"ancestorTitles":["Button"],"fullName":"Button renders with default props","status":"passed","title":"renders with default props","duration":52.72087499999998,"failureMessages":[],"meta":{}},{"ancestorTitles":["Button"],"fullName":"Button renders with different variants","status":"passed","title":"renders with different variants","duration":17.067125000000033,"failureMessages":[],"meta":{}},{"ancestorTitles":["Button"],"fullName":"Button renders with different sizes","status":"passed","title":"renders with different sizes","duration":9.438000000000102,"failureMessages":[],"meta":{}},{"ancestorTitles":["Button"],"fullName":"Button handles click events","status":"passed","title":"handles click events","duration":5.8415829999999005,"failureMessages":[],"meta":{}},{"ancestorTitles":["Button"],"fullName":"Button can be disabled","status":"passed","title":"can be disabled","duration":2.5095000000001164,"failureMessages":[],"meta":{}},{"ancestorTitles":["Button"],"fullName":"Button renders with custom className","status":"passed","title":"renders with custom className","duration":1.885582999999997,"failureMessages":[],"meta":{}},{"ancestorTitles":["Button"],"fullName":"Button has correct data attribute","status":"passed","title":"has correct data attribute","duration":1.6612910000001193,"failureMessages":[],"meta":{}}],"startTime":1756231400753,"endTime":1756231400844.6614,"status":"passed","message":"","name":"/Users/roman/Desktop/automaspec/__tests__/components/ui/button.test.tsx"},{"assertionResults":[{"ancestorTitles":["Card"],"fullName":"Card renders basic card","status":"passed","title":"renders basic card","duration":32.0802920000001,"failureMessages":[],"meta":{}},{"ancestorTitles":["Card"],"fullName":"Card renders card with custom className","status":"passed","title":"renders card with custom className","duration":2.2399169999998776,"failureMessages":[],"meta":{}},{"ancestorTitles":["Card"],"fullName":"Card renders complete card structure","status":"passed","title":"renders complete card structure","duration":7.5177500000002055,"failureMessages":[],"meta":{}},{"ancestorTitles":["Card"],"fullName":"Card renders card with action","status":"passed","title":"renders card with action","duration":2.9480839999998807,"failureMessages":[],"meta":{}},{"ancestorTitles":["Card"],"fullName":"Card card components have correct data attributes","status":"passed","title":"card components have correct data attributes","duration":5.660707999999886,"failureMessages":[],"meta":{}},{"ancestorTitles":["Card"],"fullName":"Card card has correct data attribute","status":"passed","title":"card has correct data attribute","duration":0.7494580000000042,"failureMessages":[],"meta":{}}],"startTime":1756231400546,"endTime":1756231400596.7495,"status":"passed","message":"","name":"/Users/roman/Desktop/automaspec/__tests__/components/ui/card.test.tsx"}]}